\BOOKMARK [1][-]{section.1}{sonCirculosIguales}{}% 1
\BOOKMARK [2][-]{subsection.1.1}{Funciones auxiliares}{section.1}% 2
\BOOKMARK [3][-]{subsubsection.1.1.1}{Redlongitud}{subsection.1.1}% 3
\BOOKMARK [3][-]{subsubsection.1.1.2}{RedcirculosIdenticos}{subsection.1.1}% 4
\BOOKMARK [3][-]{subsubsection.1.1.3}{RedcirculosIgualesAux}{subsection.1.1}% 5
\BOOKMARK [2][-]{subsection.1.2}{Funci\363n Obligatoria}{section.1}% 6
\BOOKMARK [3][-]{subsubsection.1.2.1}{RedsonCirculosIguales}{subsection.1.2}% 7
\BOOKMARK [1][-]{section.2}{permutaciones}{}% 8
\BOOKMARK [2][-]{subsection.2.1}{Funciones auxiliares}{section.2}% 9
\BOOKMARK [3][-]{subsubsection.2.1.1}{RedcambiarAux}{subsection.2.1}% 10
\BOOKMARK [3][-]{subsubsection.2.1.2}{Redcambiar}{subsection.2.1}% 11
\BOOKMARK [3][-]{subsubsection.2.1.3}{Redagregar}{subsection.2.1}% 12
\BOOKMARK [3][-]{subsubsection.2.1.4}{RedpermutacionesAux}{subsection.2.1}% 13
\BOOKMARK [2][-]{subsection.2.2}{Funci\363n Obligatoria}{section.2}% 14
\BOOKMARK [3][-]{subsubsection.2.2.1}{Redpermutaciones}{subsection.2.2}% 15
\BOOKMARK [1][-]{section.3}{esCirculoPrimo}{}% 16
\BOOKMARK [2][-]{subsection.3.1}{Funciones auxiliares}{section.3}% 17
\BOOKMARK [3][-]{subsubsection.3.1.1}{ReddivisoresHasta}{subsection.3.1}% 18
\BOOKMARK [3][-]{subsubsection.3.1.2}{RedesPrimo}{subsection.3.1}% 19
\BOOKMARK [3][-]{subsubsection.3.1.3}{RedcirculoPrimoAux}{subsection.3.1}% 20
\BOOKMARK [2][-]{subsection.3.2}{Funci\363n Obligatoria}{section.3}% 21
\BOOKMARK [3][-]{subsubsection.3.2.1}{RedesCirculoPrimo}{subsection.3.2}% 22
\BOOKMARK [1][-]{section.4}{estaRepetidoPrimero}{}% 23
\BOOKMARK [2][-]{subsection.4.1}{Funciones auxiliares}{section.4}% 24
\BOOKMARK [3][-]{subsubsection.4.1.1}{RedestaRepetidoPrimeroAux}{subsection.4.1}% 25
\BOOKMARK [2][-]{subsection.4.2}{Funci\363n Obligatoria}{section.4}% 26
\BOOKMARK [3][-]{subsubsection.4.2.1}{RedestaRepetidoPrimero}{subsection.4.2}% 27
\BOOKMARK [1][-]{section.5}{listaCirculosPrimos}{}% 28
\BOOKMARK [2][-]{subsection.5.1}{Funciones auxiliares}{section.5}% 29
\BOOKMARK [3][-]{subsubsection.5.1.1}{RedlistaCircAux}{subsection.5.1}% 30
\BOOKMARK [2][-]{subsection.5.2}{Funci\363n Obligatoria}{section.5}% 31
\BOOKMARK [3][-]{subsubsection.5.2.1}{RedlistaCirculosPrimos}{subsection.5.2}% 32
\BOOKMARK [1][-]{section.6}{contarCirculosPrimos}{}% 33
\BOOKMARK [2][-]{subsection.6.1}{Funciones auxiliares}{section.6}% 34
\BOOKMARK [3][-]{subsubsection.6.1.1}{Redlongitud1}{subsection.6.1}% 35
\BOOKMARK [2][-]{subsection.6.2}{Funci\363n Obligatoria}{section.6}% 36
\BOOKMARK [3][-]{subsubsection.6.2.1}{RedcontarCirculosPrimos}{subsection.6.2}% 37
\BOOKMARK [1][-]{section.7}{Optativo}{}% 38
\BOOKMARK [2][-]{subsection.7.1}{Funciones auxiliares}{section.7}% 39
\BOOKMARK [3][-]{subsubsection.7.1.1}{RedultimoElemento}{subsection.7.1}% 40
\BOOKMARK [3][-]{subsubsection.7.1.2}{RedcirculoInverso}{subsection.7.1}% 41
\BOOKMARK [3][-]{subsubsection.7.1.3}{RedcirculosEspejadosAux}{subsection.7.1}% 42
\BOOKMARK [3][-]{subsubsection.7.1.4}{RedsonCirculosEspejados}{subsection.7.1}% 43
\BOOKMARK [3][-]{subsubsection.7.1.5}{RedsonCirculosIgualesOEspejados}{subsection.7.1}% 44
\BOOKMARK [3][-]{subsubsection.7.1.6}{RedrepetidoPrimeroEspejadosAux}{subsection.7.1}% 45
\BOOKMARK [3][-]{subsubsection.7.1.7}{RedestaRepetidoPrimeroEspejados}{subsection.7.1}% 46
\BOOKMARK [3][-]{subsubsection.7.1.8}{RedlisCircPrimosEspejadosAux}{subsection.7.1}% 47
\BOOKMARK [3][-]{subsubsection.7.1.9}{RedlistaCirculosPrimosEspejados}{subsection.7.1}% 48
\BOOKMARK [2][-]{subsection.7.2}{Funci\363n Optativa}{section.7}% 49
\BOOKMARK [3][-]{subsubsection.7.2.1}{RedcontarCirculosPrimos}{subsection.7.2}% 50
